<?xml version="1.0" encoding="UTF-8"?>
<!-- Generated by org.testng.reporters.JUnitReportReporter -->
<testsuite hostname="EG-PF3DSW0A" failures="0" tests="1" name="DemoProjectRA.SoumApi" time="6.847" errors="0" timestamp="2024-02-14T16:36:09 EET" skipped="0">
  <testcase classname="DemoProjectRA.SoumApi" name="CheckProductsAPI" time="6.847"/>
</testsuite> <!-- DemoProjectRA.SoumApi -->
