<?xml version="1.0" encoding="UTF-8"?>
<!-- Generated by org.testng.reporters.JUnitReportReporter -->
<testsuite hostname="EG-PF3DSW0A" failures="0" tests="1" name="tests.CreateClaimTest" time="20.586" errors="0" timestamp="2024-01-10T16:55:41 EET" skipped="0">
  <testcase classname="tests.CreateClaimTest" name="CreateClaim" time="20.586"/>
</testsuite> <!-- tests.CreateClaimTest -->
