<?xml version="1.0" encoding="UTF-8"?>
<!-- Generated by org.testng.reporters.JUnitReportReporter -->
<testsuite hostname="EG-PF3DSW0A" failures="0" tests="1" name="tests.PolicyCreationTest" time="56.663" errors="0" timestamp="2024-02-11T13:20:46 EET" skipped="0">
  <testcase classname="tests.PolicyCreationTest" name="Login" time="56.663"/>
</testsuite> <!-- tests.PolicyCreationTest -->
