<?xml version="1.0" encoding="UTF-8"?>
<!-- Generated by org.testng.reporters.JUnitReportReporter -->
<testsuite hostname="EG-PF3DSW0A" failures="0" tests="3" name="tests.AddToCardTest" time="2.158" errors="0" timestamp="2024-02-14T14:07:05 EET" skipped="0">
  <testcase classname="tests.AddToCardTest" name="SuccessLogin" time="0.859"/>
  <testcase classname="tests.AddToCardTest" name="AddToCard" time="0.863"/>
  <testcase classname="tests.AddToCardTest" name="RemoveFromCard" time="0.436"/>
</testsuite> <!-- tests.AddToCardTest -->
