<?xml version="1.0" encoding="UTF-8"?>
<!-- Generated by org.testng.reporters.JUnitReportReporter -->
<testsuite hostname="EG-PF3DSW0A" failures="0" tests="6" name="tests.CheckoutTest" time="2.874" errors="0" timestamp="2024-02-14T13:44:59 EET" skipped="0">
  <testcase classname="tests.CheckoutTest" name="SuccessLogin" time="0.893"/>
  <testcase classname="tests.CheckoutTest" name="AddToCard" time="0.917"/>
  <testcase classname="tests.CheckoutTest" name="Checkout" time="0.154"/>
  <testcase classname="tests.CheckoutTest" name="Checkoutinfo" time="0.519"/>
  <testcase classname="tests.CheckoutTest" name="CompleteCheckout" time="0.238"/>
  <testcase classname="tests.CheckoutTest" name="BackHome" time="0.153"/>
</testsuite> <!-- tests.CheckoutTest -->
